<?xml version="1.0" encoding="UTF-8"?>
<!-- Generated by org.testng.reporters.JUnitReportReporter -->
<testsuite hostname="LAPTOP-Q547JK4H" failures="0" tests="4" name="asu.practical.testcases" time="9.800" errors="0" timestamp="2023-05-21T01:18:08 EET" skipped="0">
  <testcase classname="asu.practical.testcases" name="testcase1" time="2.975"/>
  <system-out/>
  <testcase classname="asu.practical.testcases" name="testcase1" time="2.286"/>
  <system-out/>
  <testcase classname="asu.practical.testcases" name="testcase1" time="2.267"/>
  <system-out/>
  <testcase classname="asu.practical.testcases" name="testcase1" time="2.272"/>
  <system-out/>
</testsuite> <!-- asu.practical.testcases -->
