<?xml version="1.0" encoding="UTF-8"?>
<!-- Generated by org.testng.reporters.JUnitReportReporter -->
<testsuite hostname="LAPTOP-Q547JK4H" failures="0" tests="1" name="asu.practical.testcases2" time="8.001" errors="0" timestamp="2023-05-21T00:32:02 EET" skipped="0">
  <testcase classname="asu.practical.testcases2" name="testcase1" time="8.001"/>
  <system-out/>
</testsuite> <!-- asu.practical.testcases2 -->
