<?xml version="1.0" encoding="UTF-8"?>
<!-- Generated by org.testng.reporters.JUnitReportReporter -->
<testsuite hostname="LAPTOP-Q547JK4H" failures="0" tests="2" name="Tests.SettingsTests" time="25.695" errors="0" timestamp="2023-07-05T00:56:45 EET" skipped="0">
  <testcase classname="Tests.SettingsTests" name="modifyemail" time="8.180"/>
  <system-out/>
  <testcase classname="Tests.SettingsTests" name="modifypassword" time="17.515"/>
  <system-out/>
</testsuite> <!-- Tests.SettingsTests -->
