<?xml version="1.0" encoding="UTF-8"?>
<!-- Generated by org.testng.reporters.JUnitReportReporter -->
<testsuite hostname="LAPTOP-Q547JK4H" failures="0" tests="5" name="Tests.LoginTests" time="46.473" errors="0" timestamp="2023-07-05T00:56:45 EET" skipped="0">
  <testcase classname="Tests.LoginTests" name="validlogin" time="12.204"/>
  <system-out/>
  <testcase classname="Tests.LoginTests" name="invalidloginbyemail" time="5.198"/>
  <system-out/>
  <testcase classname="Tests.LoginTests" name="invalidloginbypassword" time="16.425"/>
  <system-out/>
  <testcase classname="Tests.LoginTests" name="opengoogle" time="7.924"/>
  <system-out/>
  <testcase classname="Tests.LoginTests" name="openfacebook" time="4.722"/>
  <system-out/>
</testsuite> <!-- Tests.LoginTests -->
