<?xml version="1.0" encoding="UTF-8"?>
<!-- Generated by org.testng.reporters.JUnitReportReporter -->
<testsuite hostname="DESKTOP-HORDCKP" failures="0" tests="1" name="Tests.GenerateTests" time="320.047" errors="0" timestamp="2023-07-05T02:27:35 EET" skipped="0">
  <testcase classname="Tests.GenerateTests" name="generateQA" time="320.047"/>
  <system-out/>
</testsuite> <!-- Tests.GenerateTests -->
