<?xml version="1.0" encoding="UTF-8"?>
<!-- Generated by org.testng.reporters.JUnitReportReporter -->
<testsuite hostname="LAPTOP-Q547JK4H" failures="0" tests="2" name="Tests.SignupTests" time="35.367" errors="0" timestamp="2023-07-05T00:56:45 EET" skipped="0">
  <testcase classname="Tests.SignupTests" name="validsignup" time="17.658"/>
  <system-out/>
  <testcase classname="Tests.SignupTests" name="invalidsignup" time="17.709"/>
  <system-out/>
</testsuite> <!-- Tests.SignupTests -->
