<?xml version="1.0" encoding="UTF-8"?>
<!-- Generated by org.testng.reporters.JUnitReportReporter -->
<testsuite hostname="LAPTOP-Q547JK4H" failures="0" tests="1" name="Tests.StartTests" time="8.504" errors="0" timestamp="2023-07-05T00:58:04 EET" skipped="0">
  <testcase classname="Tests.StartTests" name="opengeneratepage" time="8.504"/>
  <system-out/>
</testsuite> <!-- Tests.StartTests -->
