<?xml version="1.0" encoding="UTF-8"?>
<!-- Generated by org.testng.reporters.JUnitReportReporter -->
<testsuite hostname="LAPTOP-Q547JK4H" failures="0" tests="2" name="asu.practical.homepagetest" time="8.406" errors="0" timestamp="2023-05-21T03:18:53 EET" skipped="0">
  <testcase classname="asu.practical.homepagetest" name="validlogin" time="4.499"/>
  <system-out/>
  <testcase classname="asu.practical.homepagetest" name="invalidlogin" time="3.907"/>
  <system-out/>
</testsuite> <!-- asu.practical.homepagetest -->
